[0m11:49:15.620910 [debug] [MainThread]: Sending event: {'category': 'dbt', 'action': 'invocation', 'label': 'start', 'context': [<snowplow_tracker.self_describing_json.SelfDescribingJson object at 0x7e0a701a75c0>, <snowplow_tracker.self_describing_json.SelfDescribingJson object at 0x7e0a6fb1bcb0>, <snowplow_tracker.self_describing_json.SelfDescribingJson object at 0x7e0a6fd452b0>]}


============================== 11:49:15.624989 | 92c19ee1-c941-417e-aadd-a186a5f7285e ==============================
[0m11:49:15.624989 [info ] [MainThread]: Running with dbt=1.11.11
[0m11:49:15.625739 [debug] [MainThread]: running dbt with arguments {'invocation_command': 'dbt init ecommerce_dbt', 'cache_selected_only': 'False', 'quiet': 'False', 'version_check': 'True', 'warn_error': 'None', 'fail_fast': 'False', 'static_parser': 'True', 'no_print': 'None', 'write_json': 'True', 'use_experimental_parser': 'False', 'profiles_dir': '/home/ambient-user/.dbt', 'empty': 'None', 'log_cache_events': 'False', 'introspect': 'True', 'target_path': 'None', 'log_path': 'logs', 'printer_width': '80', 'partial_parse': 'True', 'debug': 'False', 'indirect_selection': 'eager', 'use_colors': 'True', 'log_format': 'default', 'send_anonymous_usage_stats': 'True', 'warn_error_options': 'WarnErrorOptionsV2(error=[], warn=[], silence=[])'}
[0m11:49:15.636844 [debug] [MainThread]: Starter project path: /home/ambient-user/Documents/dbt-env/lib/python3.12/site-packages/dbt/include/starter_project
[0m11:49:15.643123 [info ] [MainThread]: 
Your new dbt project "ecommerce_dbt" was created!

For more information on how to configure the profiles.yml file,
please consult the dbt documentation here:

  https://docs.getdbt.com/docs/configure-your-profile

One more thing:

Need help? Don't hesitate to reach out to us via GitHub issues or on Slack:

  https://community.getdbt.com/

Happy modeling!

[0m11:49:15.643656 [info ] [MainThread]: Setting up your profile.
[0m11:49:21.439430 [debug] [MainThread]: Resource report: {"command_name": "init", "command_success": true, "command_wall_clock_time": 5.904467, "process_in_blocks": "6120", "process_kernel_time": 0.207156, "process_mem_max_rss": "135312", "process_out_blocks": "72", "process_user_time": 1.792596}
[0m11:49:21.440296 [debug] [MainThread]: Command `dbt init` succeeded at 11:49:21.440158 after 5.91 seconds
[0m11:49:21.440872 [debug] [MainThread]: Sending event: {'category': 'dbt', 'action': 'invocation', 'label': 'end', 'context': [<snowplow_tracker.self_describing_json.SelfDescribingJson object at 0x7e0a6f9f5700>, <snowplow_tracker.self_describing_json.SelfDescribingJson object at 0x7e0a6efab2f0>, <snowplow_tracker.self_describing_json.SelfDescribingJson object at 0x7e0a6ede5370>]}
[0m11:49:21.441399 [debug] [MainThread]: Flushing usage events
[0m11:49:21.885409 [debug] [MainThread]: An error was encountered while trying to flush usage events
