[0m18:28:47.771708 [debug] [MainThread]: Sending event: {'category': 'dbt', 'action': 'invocation', 'label': 'start', 'context': [<snowplow_tracker.self_describing_json.SelfDescribingJson object at 0x7323e9342ea0>, <snowplow_tracker.self_describing_json.SelfDescribingJson object at 0x7323e963b080>, <snowplow_tracker.self_describing_json.SelfDescribingJson object at 0x7323e761dd00>]}


============================== 18:28:47.776411 | add9c183-ce7e-4532-a961-4c4a65026b61 ==============================
[0m18:28:47.776411 [info ] [MainThread]: Running with dbt=1.11.9
[0m18:28:47.777096 [debug] [MainThread]: running dbt with arguments {'indirect_selection': 'eager', 'log_cache_events': 'False', 'quiet': 'False', 'version_check': 'True', 'fail_fast': 'False', 'warn_error_options': 'WarnErrorOptionsV2(error=[], warn=[], silence=[])', 'send_anonymous_usage_stats': 'True', 'printer_width': '80', 'introspect': 'True', 'write_json': 'True', 'debug': 'False', 'no_print': 'None', 'log_path': 'logs', 'log_format': 'default', 'static_parser': 'True', 'profiles_dir': '/home/ambient-user/.dbt', 'warn_error': 'None', 'use_experimental_parser': 'False', 'empty': 'None', 'invocation_command': 'dbt init', 'cache_selected_only': 'False', 'target_path': 'None', 'partial_parse': 'True', 'use_colors': 'True'}
[0m18:28:50.595233 [error] [MainThread]: Encountered an error:

[0m18:28:50.597529 [error] [MainThread]: Traceback (most recent call last):
  File "/home/ambient-user/.venv/dbt/lib/python3.12/site-packages/dbt/cli/requires.py", line 182, in wrapper
    result, success = func(*args, **kwargs)
                      ^^^^^^^^^^^^^^^^^^^^^
  File "/home/ambient-user/.venv/dbt/lib/python3.12/site-packages/dbt/cli/requires.py", line 128, in wrapper
    return func(*args, **kwargs)
           ^^^^^^^^^^^^^^^^^^^^^
  File "/home/ambient-user/.venv/dbt/lib/python3.12/site-packages/dbt/cli/main.py", line 488, in init
    results = task.run()
              ^^^^^^^^^^
  File "/home/ambient-user/.venv/dbt/lib/python3.12/site-packages/dbt/task/init.py", line 324, in run
    project_name = self.get_valid_project_name()
                   ^^^^^^^^^^^^^^^^^^^^^^^^^^^^^
  File "/home/ambient-user/.venv/dbt/lib/python3.12/site-packages/dbt/task/init.py", line 278, in get_valid_project_name
    name = click.prompt("Enter a name for your project (letters, digits, underscore)")
           ^^^^^^^^^^^^^^^^^^^^^^^^^^^^^^^^^^^^^^^^^^^^^^^^^^^^^^^^^^^^^^^^^^^^^^^^^^^
  File "/home/ambient-user/.venv/dbt/lib/python3.12/site-packages/click/termui.py", line 179, in prompt
    value = prompt_func(prompt)
            ^^^^^^^^^^^^^^^^^^^
  File "/home/ambient-user/.venv/dbt/lib/python3.12/site-packages/click/termui.py", line 162, in prompt_func
    raise Abort() from None
click.exceptions.Abort

[0m18:28:50.598827 [debug] [MainThread]: Resource report: {"command_name": "init", "command_success": false, "command_wall_clock_time": 2.9042246, "process_in_blocks": "0", "process_kernel_time": 0.160952, "process_mem_max_rss": "103900", "process_out_blocks": "8", "process_user_time": 1.68604}
[0m18:28:50.599431 [debug] [MainThread]: Command `dbt init` failed at 18:28:50.599294 after 2.91 seconds
[0m18:28:50.599930 [debug] [MainThread]: Sending event: {'category': 'dbt', 'action': 'invocation', 'label': 'end', 'context': [<snowplow_tracker.self_describing_json.SelfDescribingJson object at 0x7323e6be1670>, <snowplow_tracker.self_describing_json.SelfDescribingJson object at 0x7323e6808860>, <snowplow_tracker.self_describing_json.SelfDescribingJson object at 0x7323e6565790>]}
[0m18:28:50.600423 [debug] [MainThread]: Flushing usage events
[0m18:28:58.653966 [debug] [MainThread]: Sending event: {'category': 'dbt', 'action': 'invocation', 'label': 'start', 'context': [<snowplow_tracker.self_describing_json.SelfDescribingJson object at 0x7a751375d1c0>, <snowplow_tracker.self_describing_json.SelfDescribingJson object at 0x7a7512f7fef0>, <snowplow_tracker.self_describing_json.SelfDescribingJson object at 0x7a7512ed44a0>]}


============================== 18:28:58.657424 | 3b06cd81-6aab-4d25-8b88-ea12f862ea8e ==============================
[0m18:28:58.657424 [info ] [MainThread]: Running with dbt=1.11.9
[0m18:28:58.658088 [debug] [MainThread]: running dbt with arguments {'partial_parse': 'True', 'warn_error': 'None', 'empty': 'None', 'quiet': 'False', 'no_print': 'None', 'version_check': 'True', 'cache_selected_only': 'False', 'introspect': 'True', 'use_experimental_parser': 'False', 'use_colors': 'True', 'profiles_dir': '/home/ambient-user/.dbt', 'static_parser': 'True', 'debug': 'False', 'target_path': 'None', 'warn_error_options': 'WarnErrorOptionsV2(error=[], warn=[], silence=[])', 'printer_width': '80', 'log_format': 'default', 'invocation_command': 'dbt debug', 'log_path': 'logs', 'fail_fast': 'False', 'indirect_selection': 'eager', 'send_anonymous_usage_stats': 'True', 'write_json': 'True', 'log_cache_events': 'False'}
[0m18:28:58.667816 [info ] [MainThread]: dbt version: 1.11.9
[0m18:28:58.668242 [info ] [MainThread]: python version: 3.12.3
[0m18:28:58.668666 [info ] [MainThread]: python path: /home/ambient-user/.venv/dbt/bin/python3
[0m18:28:58.669060 [info ] [MainThread]: os info: Linux-6.17.0-23-generic-x86_64-with-glibc2.39
[0m18:28:58.825860 [info ] [MainThread]: Using profiles dir at /home/ambient-user/.dbt
[0m18:28:58.826453 [info ] [MainThread]: Using profiles.yml file at /home/ambient-user/.dbt/profiles.yml
[0m18:28:58.826880 [info ] [MainThread]: Using dbt_project.yml file at /home/ambient-user/dbt_project.yml
[0m18:28:58.828477 [info ] [MainThread]: adapter type: duckdb
[0m18:28:58.829037 [info ] [MainThread]: adapter version: 1.10.1
[0m18:28:58.829457 [info ] [MainThread]: Configuration:
[0m18:28:58.829878 [info ] [MainThread]:   profiles.yml file [[32mOK found and valid[0m]
[0m18:28:58.830266 [info ] [MainThread]:   dbt_project.yml file [[31mERROR not found[0m]
[0m18:28:58.830705 [info ] [MainThread]: Required dependencies:
[0m18:28:58.831132 [debug] [MainThread]: Executing "git --help"
[0m18:28:58.834064 [debug] [MainThread]: STDOUT: "b"usage : git [-v | --version] [-h | --help] [-C <path>] [-c <name>=<value>]\n           [--exec-path[=<path>]] [--html-path] [--man-path] [--info-path]\n           [-p | --paginate | -P | --no-pager] [--no-replace-objects] [--bare]\n           [--git-dir=<path>] [--work-tree=<path>] [--namespace=<name>]\n           [--config-env=<name>=<envvar>] <command> [<args>]\n\nCi-dessous les commandes Git habituelles dans diverses situations\xc2\xa0:\n\nd\xc3\xa9marrer une zone de travail (voir aussi\xc2\xa0: git help tutorial)\n   clone     Cloner un d\xc3\xa9p\xc3\xb4t dans un nouveau r\xc3\xa9pertoire\n   init      Cr\xc3\xa9er un d\xc3\xa9p\xc3\xb4t Git vide ou r\xc3\xa9initialiser un existant\n\ntravailler sur la modification actuelle (voir aussi\xc2\xa0: git help revisions)\n   add       Ajouter le contenu de fichiers dans l'index\n   mv        D\xc3\xa9placer ou renommer un fichier, un r\xc3\xa9pertoire, ou un lien symbolique\n   restore   Restaurer les fichiers l'arbre de travail\n   rm        Supprimer des fichiers de la copie de travail et de l'index\n\nexaminer l'historique et l'\xc3\xa9tat (voir aussi\xc2\xa0: git help revisions)\n   bisect    Trouver par recherche binaire la modification qui a introduit un bogue\n   diff      Afficher les changements entre les validations, entre validation et copie de travail, etc\n   grep      Afficher les lignes correspondant \xc3\xa0 un motif\n   log       Afficher l'historique des validations\n   show      Afficher diff\xc3\xa9rents types d'objets\n   status    Afficher l'\xc3\xa9tat de la copie de travail\n\nagrandir, marquer et modifier votre historique\n   branch    Lister, cr\xc3\xa9er ou supprimer des branches\n   commit    Enregistrer les modifications dans le d\xc3\xa9p\xc3\xb4t\n   merge     Fusionner deux ou plusieurs historiques de d\xc3\xa9veloppement ensemble\n   rebase    R\xc3\xa9application des commits sur le sommet de l'autre base\n   reset     R\xc3\xa9initialiser la HEAD courante \xc3\xa0 l'\xc3\xa9tat sp\xc3\xa9cifi\xc3\xa9\n   switch    Basculer de branche\n   tag       Cr\xc3\xa9er, lister, supprimer ou v\xc3\xa9rifier un objet d'\xc3\xa9tiquette sign\xc3\xa9 avec GPG\n\ncollaborer (voir aussi\xc2\xa0: git help workflows)\n   fetch     T\xc3\xa9l\xc3\xa9charger les objets et r\xc3\xa9f\xc3\xa9rences depuis un autre d\xc3\xa9p\xc3\xb4t\n   pull      Rapatrier et int\xc3\xa9grer un autre d\xc3\xa9p\xc3\xb4t ou une branche locale\n   push      Mettre \xc3\xa0 jour les r\xc3\xa9f\xc3\xa9rences distantes ainsi que les objets associ\xc3\xa9s\n\n'git help -a' et 'git help -g' listent les sous-commandes disponibles et\nquelques concepts. Voir 'git help <commande>' ou 'git help <concept>'\npour en lire plus \xc3\xa0 propos d'une commande sp\xc3\xa9cifique ou d'un concept.\nVoir 'git help git' pour un survol du syst\xc3\xa8me.\n""
[0m18:28:58.834552 [debug] [MainThread]: STDERR: "b''"
[0m18:28:58.834968 [info ] [MainThread]:  - git [[32mOK found[0m]

[0m18:28:58.835363 [info ] [MainThread]: Connection:
[0m18:28:58.835790 [info ] [MainThread]:   database: dev
[0m18:28:58.836178 [info ] [MainThread]:   schema: main
[0m18:28:58.836557 [info ] [MainThread]:   path: dev.duckdb
[0m18:28:58.836970 [info ] [MainThread]:   config_options: None
[0m18:28:58.837349 [info ] [MainThread]:   extensions: None
[0m18:28:58.837761 [info ] [MainThread]:   settings: {}
[0m18:28:58.838145 [info ] [MainThread]:   external_root: .
[0m18:28:58.838525 [info ] [MainThread]:   use_credential_provider: None
[0m18:28:58.838943 [info ] [MainThread]:   attach: None
[0m18:28:58.839322 [info ] [MainThread]:   filesystems: None
[0m18:28:58.839731 [info ] [MainThread]:   remote: None
[0m18:28:58.840114 [info ] [MainThread]:   plugins: None
[0m18:28:58.840493 [info ] [MainThread]:   disable_transactions: False
[0m18:28:58.841049 [info ] [MainThread]: Registered adapter: duckdb=1.10.1
[0m18:28:58.919445 [debug] [MainThread]: Acquiring new duckdb connection 'debug'
[0m18:28:58.946531 [debug] [MainThread]: Using duckdb connection "debug"
[0m18:28:58.947028 [debug] [MainThread]: On debug: select 1 as id
[0m18:28:58.947408 [debug] [MainThread]: Opening a new connection, currently in state init
[0m18:28:58.965830 [debug] [MainThread]: SQL status: OK in 0.018 seconds
[0m18:28:58.966878 [debug] [MainThread]: On debug: Close
[0m18:28:58.967334 [info ] [MainThread]:   Connection test: [[32mOK connection ok[0m]

[0m18:28:58.967809 [info ] [MainThread]: [31m1 check failed:[0m
[0m18:28:58.968219 [info ] [MainThread]: Project loading failed for the following reason:
 project path </home/ambient-user/dbt_project.yml> not found

[0m18:28:58.969270 [debug] [MainThread]: Resource report: {"command_name": "debug", "command_success": false, "command_wall_clock_time": 0.39116836, "process_in_blocks": "0", "process_kernel_time": 0.181919, "process_mem_max_rss": "145484", "process_out_blocks": "40", "process_user_time": 1.934671}
[0m18:28:58.969895 [debug] [MainThread]: Command `dbt debug` failed at 18:28:58.969762 after 0.39 seconds
[0m18:28:58.970306 [debug] [MainThread]: Connection 'debug' was properly closed.
[0m18:28:58.970771 [debug] [MainThread]: Sending event: {'category': 'dbt', 'action': 'invocation', 'label': 'end', 'context': [<snowplow_tracker.self_describing_json.SelfDescribingJson object at 0x7a75132b1370>, <snowplow_tracker.self_describing_json.SelfDescribingJson object at 0x7a7512ed4590>, <snowplow_tracker.self_describing_json.SelfDescribingJson object at 0x7a75124c6bd0>]}
[0m18:28:58.971268 [debug] [MainThread]: Flushing usage events
[0m18:28:59.403549 [debug] [MainThread]: An error was encountered while trying to flush usage events
